Arguments: 
  /opt/homebrew/Cellar/node/15.13.0/bin/node /opt/homebrew/bin/yarn scss

PATH: 
  /opt/homebrew/bin:/opt/homebrew/sbin:/Users/chris/bin:/usr/local/bin:/usr/bin:/bin:/usr/sbin:/sbin:/Library/Apple/usr/bin:/Users/chris/.composer/vendor/bin

Yarn version: 
  1.22.10

Node version: 
  15.13.0

Platform: 
  darwin arm64

Trace: 
  SyntaxError: /Users/chris/Sites/Repositories/Development/hilarytotahyoga/app/public/wp-content/themes/totah/package.json: Unexpected string in JSON at position 556
      at JSON.parse (<anonymous>)
      at /opt/homebrew/lib/node_modules/yarn/lib/cli.js:1625:59
      at Generator.next (<anonymous>)
      at step (/opt/homebrew/lib/node_modules/yarn/lib/cli.js:310:30)
      at /opt/homebrew/lib/node_modules/yarn/lib/cli.js:321:13

npm manifest: 
  {
    "name": "totah",
    "version": "1.0.0",
    "main": "index.js",
    "author": "Chris Platts <chris@virelai.co.uk>",
    "license": "MIT",
    "dependencies": {
      "bourbon": "^7.0.0",
      "bourbon-neat": "^4.0.0",
      "include-media": "^1.4.9",
      "normalize.scss": "^0.1.0",
      "sassy-inputs": "^1.0.6",
      "typey": "^1.1.2"
    },
    "scripts": {
      "scss": "sass --load-path=node_modules assets/styles/scss/main.scss assets/styles/main.css",
      "scss:watch": "sass --load-path=node_modules --watch assets/styles/scss/main.scss assets/styles/main.css"
      "scss:build": "sass --load-path=node_modules --style=compressed assets/styles/scss/main.scss assets/styles/main.css"
    }
  }

yarn manifest: 
  No manifest

Lockfile: 
  # THIS IS AN AUTOGENERATED FILE. DO NOT EDIT THIS FILE DIRECTLY.
  # yarn lockfile v1
  
  
  bourbon-neat@^4.0.0:
    version "4.0.0"
    resolved "https://registry.yarnpkg.com/bourbon-neat/-/bourbon-neat-4.0.0.tgz#8aa1794aafba50b13993817af5e16c449739e332"
    integrity sha512-Ql1JdvjNvK9NbGvcBpsDkfuRRMK8fZ/mx1gRyZEy3PM/kqQ8QX0PcmKEqnZMl18YLfKaDwC0qa+e36TlDmT49g==
  
  bourbon@^7.0.0:
    version "7.0.0"
    resolved "https://registry.yarnpkg.com/bourbon/-/bourbon-7.0.0.tgz#42c0b691e99cb1f7616aad2a11b17ab88bbc4918"
    integrity sha512-49kyBY+4gwnEvnez8H0TzFjfNZpUVdCmmS873S9nQ6YUuh2+qesbOh8lA+9gAuWlqtYlF+/3Etxm/13RhceOrg==
  
  include-media@^1.4.9:
    version "1.4.9"
    resolved "https://registry.yarnpkg.com/include-media/-/include-media-1.4.9.tgz#d0020b7be3eb2d54868a20943595ce380e0bc43b"
    integrity sha1-0AILe+PrLVSGiiCUNZXOOA4LxDs=
  
  normalize.scss@^0.1.0:
    version "0.1.0"
    resolved "https://registry.yarnpkg.com/normalize.scss/-/normalize.scss-0.1.0.tgz#4a21dc25bd4c019c857785f829b658aba2a8f9ab"
    integrity sha1-SiHcJb1MAZyFd4X4KbZYq6Ko+as=
  
  sassy-inputs@^1.0.6:
    version "1.0.6"
    resolved "https://registry.yarnpkg.com/sassy-inputs/-/sassy-inputs-1.0.6.tgz#3316feac511e414e6ad18913f76c181fe1f6d052"
    integrity sha1-Mxb+rFEeQU5q0YkT92wYH+H20FI=
  
  typey@^1.1.2:
    version "1.1.2"
    resolved "https://registry.yarnpkg.com/typey/-/typey-1.1.2.tgz#98c3fa1b59037a45d24374db6720966355c06e25"
    integrity sha1-mMP6G1kDekXSQ3TbZyCWY1XAbiU=
